2021-07-15 18:41:36.408  INFO 17508 --- [main] lavalink.server.Launcher                 : 

[32m       .  [31m _                  _ _       _    [32m__ _ _
[32m      /\\ [31m| | __ ___   ____ _| (_)_ __ | | __[32m\ \ \ \
[32m     ( ( )[31m| |/ _` \ \ / / _` | | | '_ \| |/ /[32m \ \ \ \
[32m      \\/ [31m| | (_| |\ V / (_| | | | | | |   < [32m  ) ) ) )
[32m       '  [31m|_|\__,_| \_/ \__,_|_|_|_| |_|_|\_\[32m / / / /
[0m    =========================================[32m/_/_/_/[0m

	Version:        4f53d09491ba5254eb5c55c234a63b208388d3ef-SNAPSHOT
	Build:          965
	Build time:     28.12.2019 17:02:58 UTC
	Branch          master
	Commit:         4f53d09
	Commit time:    28.12.2019 17:00:51 UTC
	JVM:            13.0.1
	Lavaplayer      1.3.32

2021-07-15 18:41:36.487  WARN 17508 --- [background-preinit] o.s.h.c.j.Jackson2ObjectMapperBuilder    : For Jackson Kotlin classes support please add "com.fasterxml.jackson.module:jackson-module-kotlin" to the classpath
2021-07-15 18:41:36.511  INFO 17508 --- [main] lavalink.server.Launcher                 : Starting Launcher on DESKTOP-FBBN5RH with PID 17508 (E:\python\тест бота\бот\Lavalink.jar started by Sergey in E:\python\тест бота\бот)
2021-07-15 18:41:36.511  INFO 17508 --- [main] lavalink.server.Launcher                 : No active profile set, falling back to default profiles: default
2021-07-15 18:41:38.097  WARN 17508 --- [main] io.undertow.websockets.jsr               : UT026010: Buffer pool was not set on WebSocketDeploymentInfo, the default pool will be used
2021-07-15 18:41:38.137  INFO 17508 --- [main] io.undertow.servlet                      : Initializing Spring embedded WebApplicationContext
2021-07-15 18:41:38.137  INFO 17508 --- [main] o.s.web.context.ContextLoader            : Root WebApplicationContext: initialization completed in 1583 ms
2021-07-15 18:41:38.512  WARN 17508 --- [main] l.server.config.SentryConfiguration      : Turning off sentry
2021-07-15 18:41:38.520  INFO 17508 --- [main] l.s.c.AudioSendFactoryConfiguration      : OS: Windows 10, Arch: amd64
2021-07-15 18:41:38.520  INFO 17508 --- [main] l.s.c.AudioSendFactoryConfiguration      : JDA-NAS supported system detected. Enabled native audio sending.
2021-07-15 18:41:38.520  INFO 17508 --- [main] l.s.c.AudioSendFactoryConfiguration      : Setting buffer to 400ms
2021-07-15 18:41:38.524  INFO 17508 --- [main] l.s.c.AudioSendFactoryConfiguration      : Setting playlist load limit to 6
2021-07-15 18:41:38.988  INFO 17508 --- [main] c.s.d.l.tools.GarbageCollectionMonitor   : GC monitoring enabled, reporting results every 2 minutes.
2021-07-15 18:41:39.484  INFO 17508 --- [main] o.s.s.concurrent.ThreadPoolTaskExecutor  : Initializing ExecutorService 'applicationTaskExecutor'
2021-07-15 18:41:39.883  INFO 17508 --- [main] org.xnio                                 : XNIO version 3.3.8.Final
2021-07-15 18:41:39.893  INFO 17508 --- [main] org.xnio.nio                             : XNIO NIO Implementation Version 3.3.8.Final
2021-07-15 18:41:40.171  INFO 17508 --- [main] o.s.b.w.e.u.UndertowServletWebServer     : Undertow started on port(s) 2333 (http) with context path ''
2021-07-15 18:41:40.180  INFO 17508 --- [main] lavalink.server.Launcher                 : Started Launcher in 4.375 seconds (JVM running for 5.433)
